<?xml version="1.0" encoding="UTF-8"?>
<testsuite xmlns:xsi="http://www.w3.org/2001/XMLSchema-instance" xsi:noNamespaceSchemaLocation="https://maven.apache.org/surefire/maven-surefire-plugin/xsd/surefire-test-report-3.0.xsd" version="3.0" name="io.github.water1207.dashsdk.DaShSdkApplicationTests" time="1.382" tests="1" errors="0" skipped="0" failures="0">
  <properties>
[...]
</properties>
  <testcase name="contextLoads" classname="io.github.water1207.dashsdk.DaShSdkApplicationTests" time="0.116">
    <system-out><![CDATA[21:18:11.605 [main] DEBUG org.springframework.test.context.BootstrapUtils - Instantiating CacheAwareContextLoaderDelegate from class [org.springframework.test.context.cache.DefaultCacheAwareContextLoaderDelegate]
21:18:11.611 [main] DEBUG org.springframework.test.context.BootstrapUtils - Instantiating BootstrapContext using constructor [public org.springframework.test.context.support.DefaultBootstrapContext(java.lang.Class,org.springframework.test.context.CacheAwareContextLoaderDelegate)]
21:18:11.630 [main] DEBUG org.springframework.test.context.BootstrapUtils - Instantiating TestContextBootstrapper for test class [io.github.water1207.dashsdk.DaShSdkApplicationTests] from class [org.springframework.boot.test.context.SpringBootTestContextBootstrapper]
21:18:11.637 [main] INFO org.springframework.boot.test.context.SpringBootTestContextBootstrapper - Neither @ContextConfiguration nor @ContextHierarchy found for test class [io.github.water1207.dashsdk.DaShSdkApplicationTests], using SpringBootContextLoader
21:18:11.639 [main] DEBUG org.springframework.test.context.support.AbstractContextLoader - Did not detect default resource location for test class [io.github.water1207.dashsdk.DaShSdkApplicationTests]: class path resource [io/github/water1207/dashsdk/DaShSdkApplicationTests-context.xml] does not exist
21:18:11.639 [main] DEBUG org.springframework.test.context.support.AbstractContextLoader - Did not detect default resource location for test class [io.github.water1207.dashsdk.DaShSdkApplicationTests]: class path resource [io/github/water1207/dashsdk/DaShSdkApplicationTestsContext.groovy] does not exist
21:18:11.639 [main] INFO org.springframework.test.context.support.AbstractContextLoader - Could not detect default resource locations for test class [io.github.water1207.dashsdk.DaShSdkApplicationTests]: no resource found for suffixes {-context.xml, Context.groovy}.
21:18:11.639 [main] INFO org.springframework.test.context.support.AnnotationConfigContextLoaderUtils - Could not detect default configuration classes for test class [io.github.water1207.dashsdk.DaShSdkApplicationTests]: DaShSdkApplicationTests does not declare any static, non-private, non-final, nested classes annotated with @Configuration.
21:18:11.661 [main] DEBUG org.springframework.test.context.support.ActiveProfilesUtils - Could not find an 'annotation declaring class' for annotation type [org.springframework.test.context.ActiveProfiles] and class [io.github.water1207.dashsdk.DaShSdkApplicationTests]
21:18:11.698 [main] DEBUG org.springframework.context.annotation.ClassPathScanningCandidateComponentProvider - Identified candidate component class: file [/Users/lee/Code/G2GDaSh/DaSh-SDK/target/classes/io/github/water1207/dashsdk/DaShSdkApplication.class]
21:18:11.699 [main] INFO org.springframework.boot.test.context.SpringBootTestContextBootstrapper - Found @SpringBootConfiguration io.github.water1207.dashsdk.DaShSdkApplication for test class io.github.water1207.dashsdk.DaShSdkApplicationTests
21:18:11.755 [main] DEBUG org.springframework.boot.test.context.SpringBootTestContextBootstrapper - @TestExecutionListeners is not present for class [io.github.water1207.dashsdk.DaShSdkApplicationTests]: using defaults.
21:18:11.755 [main] INFO org.springframework.boot.test.context.SpringBootTestContextBootstrapper - Loaded default TestExecutionListener class names from location [META-INF/spring.factories]: [org.springframework.boot.test.mock.mockito.MockitoTestExecutionListener, org.springframework.boot.test.mock.mockito.ResetMocksTestExecutionListener, org.springframework.boot.test.autoconfigure.restdocs.RestDocsTestExecutionListener, org.springframework.boot.test.autoconfigure.web.client.MockRestServiceServerResetTestExecutionListener, org.springframework.boot.test.autoconfigure.web.servlet.MockMvcPrintOnlyOnFailureTestExecutionListener, org.springframework.boot.test.autoconfigure.web.servlet.WebDriverTestExecutionListener, org.springframework.boot.test.autoconfigure.webservices.client.MockWebServiceServerTestExecutionListener, org.springframework.test.context.web.ServletTestExecutionListener, org.springframework.test.context.support.DirtiesContextBeforeModesTestExecutionListener, org.springframework.test.context.event.ApplicationEventsTestExecutionListener, org.springframework.test.context.support.DependencyInjectionTestExecutionListener, org.springframework.test.context.support.DirtiesContextTestExecutionListener, org.springframework.test.context.transaction.TransactionalTestExecutionListener, org.springframework.test.context.jdbc.SqlScriptsTestExecutionListener, org.springframework.test.context.event.EventPublishingTestExecutionListener]
21:18:11.765 [main] INFO org.springframework.boot.test.context.SpringBootTestContextBootstrapper - Using TestExecutionListeners: [org.springframework.test.context.web.ServletTestExecutionListener@3aa078fd, org.springframework.test.context.support.DirtiesContextBeforeModesTestExecutionListener@d23e042, org.springframework.test.context.event.ApplicationEventsTestExecutionListener@46d59067, org.springframework.boot.test.mock.mockito.MockitoTestExecutionListener@2d0399f4, org.springframework.boot.test.autoconfigure.SpringBootDependencyInjectionTestExecutionListener@14dd7b39, org.springframework.test.context.support.DirtiesContextTestExecutionListener@66ea810, org.springframework.test.context.transaction.TransactionalTestExecutionListener@6cd24612, org.springframework.test.context.jdbc.SqlScriptsTestExecutionListener@5dafbe45, org.springframework.test.context.event.EventPublishingTestExecutionListener@2254127a, org.springframework.boot.test.mock.mockito.ResetMocksTestExecutionListener@51891008, org.springframework.boot.test.autoconfigure.restdocs.RestDocsTestExecutionListener@2f953efd, org.springframework.boot.test.autoconfigure.web.client.MockRestServiceServerResetTestExecutionListener@f68f0dc, org.springframework.boot.test.autoconfigure.web.servlet.MockMvcPrintOnlyOnFailureTestExecutionListener@d2de489, org.springframework.boot.test.autoconfigure.web.servlet.WebDriverTestExecutionListener@14bdbc74, org.springframework.boot.test.autoconfigure.webservices.client.MockWebServiceServerTestExecutionListener@12591ac8]
21:18:11.766 [main] DEBUG org.springframework.test.context.support.AbstractDirtiesContextTestExecutionListener - Before test class: context [DefaultTestContext@1f9f6368 testClass = DaShSdkApplicationTests, testInstance = [null], testMethod = [null], testException = [null], mergedContextConfiguration = [WebMergedContextConfiguration@1c9b0314 testClass = DaShSdkApplicationTests, locations = '{}', classes = '{class io.github.water1207.dashsdk.DaShSdkApplication}', contextInitializerClasses = '[]', activeProfiles = '{}', propertySourceLocations = '{}', propertySourceProperties = '{org.springframework.boot.test.context.SpringBootTestContextBootstrapper=true}', contextCustomizers = set[org.springframework.boot.test.context.filter.ExcludeFilterContextCustomizer@40a4337a, org.springframework.boot.test.json.DuplicateJsonObjectContextCustomizerFactory$DuplicateJsonObjectContextCustomizer@2d1ef81a, org.springframework.boot.test.mock.mockito.MockitoContextCustomizer@0, org.springframework.boot.test.web.client.TestRestTemplateContextCustomizer@477b4cdf, org.springframework.boot.test.autoconfigure.actuate.metrics.MetricsExportContextCustomizerFactory$DisableMetricExportContextCustomizer@185a6e9, org.springframework.boot.test.autoconfigure.properties.PropertyMappingContextCustomizer@0, org.springframework.boot.test.autoconfigure.web.servlet.WebDriverContextCustomizerFactory$Customizer@49438269, org.springframework.boot.test.context.SpringBootTestArgs@1, org.springframework.boot.test.context.SpringBootTestWebEnvironment@185d8b6], resourceBasePath = 'src/main/webapp', contextLoader = 'org.springframework.boot.test.context.SpringBootContextLoader', parent = [null]], attributes = map['org.springframework.test.context.web.ServletTestExecutionListener.activateListener' -> true]], class annotated with @DirtiesContext [false] with mode [null].

  .   ____          _            __ _ _
 /\\ / ___'_ __ _ _(_)_ __  __ _ \ \ \ \
( ( )\___ | '_ | '_| | '_ \/ _` | \ \ \ \
 \\/  ___)| |_)| | | | | || (_| |  ) ) ) )
  '  |____| .__|_| |_|_| |_\__, | / / / /
 =========|_|==============|___/=/_/_/_/
 :: Spring Boot ::               (v2.6.13)

2023-12-11 21:18:11.927  INFO 16316 --- [           main] i.g.w.dashsdk.DaShSdkApplicationTests    : Starting DaShSdkApplicationTests using Java 1.8.0_362 on Chillin with PID 16316 (started by lee in /Users/lee/Code/G2GDaSh/DaSh-SDK)
2023-12-11 21:18:11.928  INFO 16316 --- [           main] i.g.w.dashsdk.DaShSdkApplicationTests    : No active profile set, falling back to 1 default profile: "default"
2023-12-11 21:18:12.666  INFO 16316 --- [           main] o.s.b.a.w.s.WelcomePageHandlerMapping    : Adding welcome page: class path resource [static/index.html]
2023-12-11 21:18:12.817  INFO 16316 --- [           main] i.g.w.dashsdk.DaShSdkApplicationTests    : Started DaShSdkApplicationTests in 1.032 seconds (JVM running for 1.568)
]]></system-out>
  </testcase>
</testsuite>